июл. 05, 2020 10:47:18 PM local.nix.sorting.algorithms.main.Main main
INFO: - - - - - - - - - 1 - - - - - - - - - - - -  - -
____________________________________________________________________________________________________________________________________________________
|Collections.sort()   | BubbleSort       | InsertionSort     | MergeSort      | QuickSort     | SelectionSort    | ShellSort     | ShuttleSort      | 
_____________________________________________________________________________________________________________________________________________________
|100808744              26811824981          3075001             5614632210        8162769         1395610902         9360113951        2676244
июл. 05, 2020 10:48:00 PM local.nix.sorting.algorithms.main.Main main
INFO: - - - - - - - - - 2 - - - - - - - - - - - -  - -
____________________________________________________________________________________________________________________________________________________
|Collections.sort()   | BubbleSort       | InsertionSort     | MergeSort      | QuickSort     | SelectionSort    | ShellSort     | ShuttleSort      | 
_____________________________________________________________________________________________________________________________________________________
|44443251              25601263107          677865             5482625207        7441791         1392597497         9338639196        432132
июл. 05, 2020 10:48:35 PM local.nix.sorting.algorithms.main.Main main
INFO: - - - - - - - - - 3 - - - - - - - - - - - -  - -
____________________________________________________________________________________________________________________________________________________
|Collections.sort()   | BubbleSort       | InsertionSort     | MergeSort      | QuickSort     | SelectionSort    | ShellSort     | ShuttleSort      | 
_____________________________________________________________________________________________________________________________________________________
|31519208              17570586306          190996             5409699403        7519004         1259809039         10614989377        175770
июл. 05, 2020 10:49:10 PM local.nix.sorting.algorithms.main.Main main
INFO: - - - - - - - - - 4 - - - - - - - - - - - -  - -
____________________________________________________________________________________________________________________________________________________
|Collections.sort()   | BubbleSort       | InsertionSort     | MergeSort      | QuickSort     | SelectionSort    | ShellSort     | ShuttleSort      | 
_____________________________________________________________________________________________________________________________________________________
|26815197              17396141094          146693             5336477443        1932712         1259415636         10685513569        56985
июл. 05, 2020 10:49:45 PM local.nix.sorting.algorithms.main.Main main
INFO: - - - - - - - - - 5 - - - - - - - - - - - -  - -
____________________________________________________________________________________________________________________________________________________
|Collections.sort()   | BubbleSort       | InsertionSort     | MergeSort      | QuickSort     | SelectionSort    | ShellSort     | ShuttleSort      | 
_____________________________________________________________________________________________________________________________________________________
|26586025              17491035774          153104             5369897718        1854239         1283961093         10605346772        56977
июл. 05, 2020 10:50:20 PM local.nix.sorting.algorithms.main.Main main
INFO: - - - - - - - - - 6 - - - - - - - - - - - -  - -
____________________________________________________________________________________________________________________________________________________
|Collections.sort()   | BubbleSort       | InsertionSort     | MergeSort      | QuickSort     | SelectionSort    | ShellSort     | ShuttleSort      | 
_____________________________________________________________________________________________________________________________________________________
|26544956              17539682423          156345             5318936618        1898726         1250975019         10739835077        57011
июл. 05, 2020 10:50:54 PM local.nix.sorting.algorithms.main.Main main
INFO: - - - - - - - - - 7 - - - - - - - - - - - -  - -
____________________________________________________________________________________________________________________________________________________
|Collections.sort()   | BubbleSort       | InsertionSort     | MergeSort      | QuickSort     | SelectionSort    | ShellSort     | ShuttleSort      | 
_____________________________________________________________________________________________________________________________________________________
|26675401              17453993247          192546             5395274199        1920742         1260578909         10586893358        37548
июл. 05, 2020 10:51:29 PM local.nix.sorting.algorithms.main.Main main
INFO: - - - - - - - - - 8 - - - - - - - - - - - -  - -
____________________________________________________________________________________________________________________________________________________
|Collections.sort()   | BubbleSort       | InsertionSort     | MergeSort      | QuickSort     | SelectionSort    | ShellSort     | ShuttleSort      | 
_____________________________________________________________________________________________________________________________________________________
|26750238              17484861766          36145             5648418621        1887876         1265653366         10698829402        37437
июл. 05, 2020 10:52:04 PM local.nix.sorting.algorithms.main.Main main
INFO: - - - - - - - - - 9 - - - - - - - - - - - -  - -
____________________________________________________________________________________________________________________________________________________
|Collections.sort()   | BubbleSort       | InsertionSort     | MergeSort      | QuickSort     | SelectionSort    | ShellSort     | ShuttleSort      | 
_____________________________________________________________________________________________________________________________________________________
|26797067              17628027281          36046             5342552136        2337687         1272068114         10597989260        37597
июл. 05, 2020 10:52:39 PM local.nix.sorting.algorithms.main.Main main
INFO: - - - - - - - - - 10 - - - - - - - - - - - -  - -
____________________________________________________________________________________________________________________________________________________
|Collections.sort()   | BubbleSort       | InsertionSort     | MergeSort      | QuickSort     | SelectionSort    | ShellSort     | ShuttleSort      | 
_____________________________________________________________________________________________________________________________________________________
|26683599              17463077135          35920             5600275728        2008023         1254084957         10643683759        37596
